<?xml version="1.0" encoding="UTF-8"?>
<!-- Generated by org.testng.reporters.JUnitReportReporter -->
<testsuite hostname="Prannoy-PC" name="sauceRun.sauceRun" tests="3" failures="0" timestamp="4 Jan 2017 16:33:57 GMT" time="68.107" errors="0">
  <testcase name="run" time="29.045" classname="sauceRun.sauceRun"/>
  <testcase name="run" time="20.922" classname="sauceRun.sauceRun"/>
  <testcase name="run" time="18.140" classname="sauceRun.sauceRun"/>
</testsuite> <!-- sauceRun.sauceRun -->
